# timestamp | duration | file | instruction | dir | modtime | etag | size | fileId | status | errorString | http result code | other size | other modtime | other etag | other fileId | other instruction
#=#=#=# Syncrun started 2018-10-08T00:29:24
#=#=#=#=# Propagation starts 2018-10-08T00:29:24 (last step: 370 msec, total: 370 msec)
22:29:26||mimicry-make-mate-taste-like-gnome-shell.rst|INST_NEW|Up|1538951362|0b8d252b03fe7fb8f51fcea29ac1a706|241|69054205513e1dc54b469|4||201|0|0|||INST_NONE|
#=#=#=# Syncrun finished 2018-10-08T00:29:25 (last step: 716 msec, total: 1087 msec)
#=#=#=# Syncrun started 2018-10-08T00:29:43
#=#=#=#=# Propagation starts 2018-10-08T00:29:43 (last step: 371 msec, total: 371 msec)
22:29:46||mimicry-make-mate-taste-like-gnome-shell.rst|INST_SYNC|Up|1538951381|f7bd567020229ccc4bd0a2de95bb4381|213|69054205513e1dc54b469|4||204|241|1538951362|0b8d252b03fe7fb8f51fcea29ac1a706|69054205513e1dc54b469|INST_NONE|
#=#=#=# Syncrun finished 2018-10-08T00:29:45 (last step: 1958 msec, total: 2330 msec)
#=#=#=# Syncrun started 2018-10-08T00:29:58
#=#=#=#=# Propagation starts 2018-10-08T00:29:59 (last step: 408 msec, total: 408 msec)
22:30:01||mimicry-make-mate-taste-like-gnome-shell.rst|INST_SYNC|Up|1538951396|857c5de6d800d5acfce5cba654516133|230|69054205513e1dc54b469|4||204|213|1538951381|f7bd567020229ccc4bd0a2de95bb4381|69054205513e1dc54b469|INST_NONE|
#=#=#=# Syncrun finished 2018-10-08T00:30:00 (last step: 1185 msec, total: 1594 msec)
#=#=#=# Syncrun started 2018-10-08T00:31:03
#=#=#=#=# Propagation starts 2018-10-08T00:31:03 (last step: 438 msec, total: 438 msec)
#=#=#=# Syncrun finished 2018-10-08T00:31:03 (last step: 162 msec, total: 600 msec)
#=#=#=# Syncrun started 2018-10-28T15:20:22
#=#=#=#=# Propagation starts 2018-10-28T15:20:23 (last step: 821 msec, total: 821 msec)
14:20:26||import-gplus-nikola.rst|INST_NEW|Up|1539864664|2dda9183ac8d5f0a6027040e43f2176d|6055|69408640513e1dc54b469|4||201|0|0|||INST_NONE|
14:20:26||diegplusdie.md|INST_NEW|Up|1539859384|6a0b69be46d85e296d21304f807465dd|7298|69408641513e1dc54b469|4||201|0|0|||INST_NONE|
14:20:27||non-news-changes-and-release.rst|INST_SYNC|Up|1539425751|a48eab7448a6ea865e93f54ccd4e35dc|4657|69013778513e1dc54b469|4||204|4656|1538857521|ccb976d1b506070561edbad22d6fa64e|69013778513e1dc54b469|INST_NONE|
14:20:27||dialoge.rst|INST_SYNC|Up|1540222790|9c93ed6c8e98a1374580d948c0d5293e|4777|66801077513e1dc54b469|4||204|4204|1503739522|0ac13e2b91fe96df494c994e09e8f277|66801077513e1dc54b469|INST_NONE|
14:20:27||verloren-im-kaninchenbau-von-google-takeout.rst|INST_SYNC|Up|1539864098|539675108242a8c79dc68456804f35d4|5031|66801131513e1dc54b469|4||204|4933|1537479062|bb5ce1b5d0ce5730b55ba0085d342877|66801131513e1dc54b469|INST_NONE|
14:20:27||verloren-im-kaninchenbau-von-google-takeout.en.rst|INST_SYNC|Up|1539864078|13a8030f80e5372a41da1e6e831f65b5|4550|66801130513e1dc54b469|4||204|4338|1537374306|aadce890d0209459a21f79897bb49f8a|66801130513e1dc54b469|INST_NONE|
14:20:27||widget-anderungen-in-gtk+-220+.rst|INST_SYNC|Up|1539337543|c15baafa40452d516d86eb42f41382ac|2131|68533137513e1dc54b469|4||204|2131|1538835627|b57f55f7edc9420b8c9b367bcf23f2d3|68533137513e1dc54b469|INST_NONE|
#=#=#=# Syncrun finished 2018-10-28T15:20:26 (last step: 2894 msec, total: 3715 msec)
#=#=#=# Syncrun started 2018-10-28T15:21:16
#=#=#=#=# Propagation starts 2018-10-28T15:21:16 (last step: 586 msec, total: 586 msec)
#=#=#=# Syncrun finished 2018-10-28T15:21:17 (last step: 526 msec, total: 1113 msec)
#=#=#=# Syncrun started 2018-10-28T17:21:19
#=#=#=#=# Propagation starts 2018-10-28T17:21:20 (last step: 330 msec, total: 330 msec)
#=#=#=# Syncrun finished 2018-10-28T17:21:20 (last step: 104 msec, total: 434 msec)
#=#=#=# Syncrun started 2018-10-28T19:21:24
#=#=#=#=# Propagation starts 2018-10-28T19:21:25 (last step: 373 msec, total: 373 msec)
#=#=#=# Syncrun finished 2018-10-28T19:21:25 (last step: 96 msec, total: 469 msec)
#=#=#=# Syncrun started 2018-10-28T21:21:29
#=#=#=#=# Propagation starts 2018-10-28T21:21:30 (last step: 434 msec, total: 434 msec)
#=#=#=# Syncrun finished 2018-10-28T21:21:30 (last step: 101 msec, total: 535 msec)
#=#=#=# Syncrun started 2018-10-29T10:23:11
#=#=#=#=# Propagation starts 2018-10-29T10:23:12 (last step: 394 msec, total: 394 msec)
#=#=#=# Syncrun finished 2018-10-29T10:23:12 (last step: 166 msec, total: 560 msec)
